<?xml version="1.0" encoding="UTF-8"?>
<testng-results ignored="0" total="1" passed="1" failed="0" skipped="0">
  <reporter-output>
  </reporter-output>
  <suite started-at="2023-07-10T09:54:51 IST" name="Default suite" finished-at="2023-07-10T09:54:52 IST" duration-ms="707">
    <groups>
    </groups>
    <test started-at="2023-07-10T09:54:51 IST" name="Default test" finished-at="2023-07-10T09:54:52 IST" duration-ms="707">
      <class name="test_cases.giving_test_case_data">
        <test-method signature="retrieveData()[pri:0, instance:test_cases.giving_test_case_data@5d0bf09b]" started-at="2023-07-10T09:54:51 IST" name="retrieveData" finished-at="2023-07-10T09:54:52 IST" duration-ms="641" status="PASS">
          <reporter-output>
          </reporter-output>
        </test-method> <!-- retrieveData -->
      </class> <!-- test_cases.giving_test_case_data -->
    </test> <!-- Default test -->
  </suite> <!-- Default suite -->
</testng-results>
